# JRE version: Java(TM) SE Runtime Environment (8.0_111-b14) (build 1.8.0_111-b14)
# Java VM: Java HotSpot(TM) 64-Bit Server VM (25.111-b14 mixed mode windows-amd64 compressed oops)
Heap:
 PSYoungGen      total 256000K, used 90058K [0x00000000e0000000, 0x00000000f1000000, 0x0000000100000000)
  eden space 242176K, 31% used [0x00000000e0000000,0x00000000e4a7a9b8,0x00000000eec80000)
  from space 13824K, 99% used [0x00000000efc00000,0x00000000f0978190,0x00000000f0980000)
  to   space 15872K, 0% used [0x00000000eec80000,0x00000000eec80000,0x00000000efc00000)
 ParOldGen       total 79360K, used 22202K [0x00000000a0000000, 0x00000000a4d80000, 0x00000000e0000000)
  object space 79360K, 27% used [0x00000000a0000000,0x00000000a15aea60,0x00000000a4d80000)
 Metaspace       used 50236K, capacity 51832K, committed 52136K, reserved 1093632K
  class space    used 6899K, capacity 7259K, committed 7336K, reserved 1048576K
GC Heap History (10 events):
Event: 17.756 GC heap before
{Heap before GC invocations=8 (full 1):
 PSYoungGen      total 116224K, used 112203K [0x00000000e0000000, 0x00000000e7d00000, 0x0000000100000000)
  eden space 105472K, 100% used [0x00000000e0000000,0x00000000e6700000,0x00000000e6700000)
  from space 10752K, 62% used [0x00000000e7100000,0x00000000e7792d90,0x00000000e7b80000)
  to   space 10240K, 0% used [0x00000000e6700000,0x00000000e6700000,0x00000000e7100000)
 ParOldGen       total 55808K, used 11045K [0x00000000a0000000, 0x00000000a3680000, 0x00000000e0000000)
  object space 55808K, 19% used [0x00000000a0000000,0x00000000a0ac9778,0x00000000a3680000)
 Metaspace       used 31819K, capacity 32464K, committed 32640K, reserved 1077248K
  class space    used 4479K, capacity 4662K, committed 4736K, reserved 1048576K
Event: 17.766 GC heap after
Heap after GC invocations=8 (full 1):
 PSYoungGen      total 115712K, used 8921K [0x00000000e0000000, 0x00000000ec400000, 0x0000000100000000)
  eden space 105472K, 0% used [0x00000000e0000000,0x00000000e0000000,0x00000000e6700000)
  from space 10240K, 87% used [0x00000000e6700000,0x00000000e6fb6668,0x00000000e7100000)
  to   space 10752K, 0% used [0x00000000eb980000,0x00000000eb980000,0x00000000ec400000)
 ParOldGen       total 55808K, used 11053K [0x00000000a0000000, 0x00000000a3680000, 0x00000000e0000000)
  object space 55808K, 19% used [0x00000000a0000000,0x00000000a0acb778,0x00000000a3680000)
 Metaspace       used 31819K, capacity 32464K, committed 32640K, reserved 1077248K
  class space    used 4479K, capacity 4662K, committed 4736K, reserved 1048576K
}
Event: 18.167 GC heap before
{Heap before GC invocations=9 (full 1):
 PSYoungGen      total 115712K, used 33081K [0x00000000e0000000, 0x00000000ec400000, 0x0000000100000000)
  eden space 105472K, 22% used [0x00000000e0000000,0x00000000e1797dc0,0x00000000e6700000)
  from space 10240K, 87% used [0x00000000e6700000,0x00000000e6fb6668,0x00000000e7100000)
  to   space 10752K, 0% used [0x00000000eb980000,0x00000000eb980000,0x00000000ec400000)
 ParOldGen       total 55808K, used 11053K [0x00000000a0000000, 0x00000000a3680000, 0x00000000e0000000)
  object space 55808K, 19% used [0x00000000a0000000,0x00000000a0acb778,0x00000000a3680000)
 Metaspace       used 34534K, capacity 35386K, committed 35496K, reserved 1079296K
  class space    used 4838K, capacity 5022K, committed 5032K, reserved 1048576K
Event: 18.177 GC heap after
Heap after GC invocations=9 (full 1):
 PSYoungGen      total 189440K, used 9919K [0x00000000e0000000, 0x00000000ec880000, 0x0000000100000000)
  eden space 178688K, 0% used [0x00000000e0000000,0x00000000e0000000,0x00000000eae80000)
  from space 10752K, 92% used [0x00000000eb980000,0x00000000ec32fde8,0x00000000ec400000)
  to   space 11264K, 0% used [0x00000000eae80000,0x00000000eae80000,0x00000000eb980000)
 ParOldGen       total 55808K, used 11061K [0x00000000a0000000, 0x00000000a3680000, 0x00000000e0000000)
  object space 55808K, 19% used [0x00000000a0000000,0x00000000a0acd778,0x00000000a3680000)
 Metaspace       used 34534K, capacity 35386K, committed 35496K, reserved 1079296K
  class space    used 4838K, capacity 5022K, committed 5032K, reserved 1048576K
}
Event: 18.177 GC heap before
{Heap before GC invocations=10 (full 2):
 PSYoungGen      total 189440K, used 9919K [0x00000000e0000000, 0x00000000ec880000, 0x0000000100000000)
  eden space 178688K, 0% used [0x00000000e0000000,0x00000000e0000000,0x00000000eae80000)
  from space 10752K, 92% used [0x00000000eb980000,0x00000000ec32fde8,0x00000000ec400000)
  to   space 11264K, 0% used [0x00000000eae80000,0x00000000eae80000,0x00000000eb980000)
 ParOldGen       total 55808K, used 11061K [0x00000000a0000000, 0x00000000a3680000, 0x00000000e0000000)
  object space 55808K, 19% used [0x00000000a0000000,0x00000000a0acd778,0x00000000a3680000)
 Metaspace       used 34534K, capacity 35386K, committed 35496K, reserved 1079296K
  class space    used 4838K, capacity 5022K, committed 5032K, reserved 1048576K
Event: 18.248 GC heap after
Heap after GC invocations=10 (full 2):
 PSYoungGen      total 189440K, used 0K [0x00000000e0000000, 0x00000000ec880000, 0x0000000100000000)
  eden space 178688K, 0% used [0x00000000e0000000,0x00000000e0000000,0x00000000eae80000)
  from space 10752K, 0% used [0x00000000eb980000,0x00000000eb980000,0x00000000ec400000)
  to   space 11264K, 0% used [0x00000000eae80000,0x00000000eae80000,0x00000000eb980000)
 ParOldGen       total 79360K, used 17307K [0x00000000a0000000, 0x00000000a4d80000, 0x00000000e0000000)
  object space 79360K, 21% used [0x00000000a0000000,0x00000000a10e6ed0,0x00000000a4d80000)
 Metaspace       used 34534K, capacity 35386K, committed 35496K, reserved 1079296K
  class space    used 4838K, capacity 5022K, committed 5032K, reserved 1048576K
}
Event: 20.293 GC heap before
{Heap before GC invocations=11 (full 2):
 PSYoungGen      total 189440K, used 178688K [0x00000000e0000000, 0x00000000ec880000, 0x0000000100000000)
  eden space 178688K, 100% used [0x00000000e0000000,0x00000000eae80000,0x00000000eae80000)
  from space 10752K, 0% used [0x00000000eb980000,0x00000000eb980000,0x00000000ec400000)
  to   space 11264K, 0% used [0x00000000eae80000,0x00000000eae80000,0x00000000eb980000)
 ParOldGen       total 79360K, used 17307K [0x00000000a0000000, 0x00000000a4d80000, 0x00000000e0000000)
  object space 79360K, 21% used [0x00000000a0000000,0x00000000a10e6ed0,0x00000000a4d80000)
 Metaspace       used 44530K, capacity 45544K, committed 45736K, reserved 1089536K
  class space    used 6141K, capacity 6456K, committed 6568K, reserved 1048576K
Event: 20.308 GC heap after
Heap after GC invocations=11 (full 2):
 PSYoungGen      total 189952K, used 11256K [0x00000000e0000000, 0x00000000f0980000, 0x0000000100000000)
  eden space 178688K, 0% used [0x00000000e0000000,0x00000000e0000000,0x00000000eae80000)
  from space 11264K, 99% used [0x00000000eae80000,0x00000000eb97e060,0x00000000eb980000)
  to   space 13824K, 0% used [0x00000000efc00000,0x00000000efc00000,0x00000000f0980000)
 ParOldGen       total 79360K, used 21027K [0x00000000a0000000, 0x00000000a4d80000, 0x00000000e0000000)
  object space 79360K, 26% used [0x00000000a0000000,0x00000000a1488eb8,0x00000000a4d80000)
 Metaspace       used 44530K, capacity 45544K, committed 45736K, reserved 1089536K
  class space    used 6141K, capacity 6456K, committed 6568K, reserved 1048576K
}
Event: 22.253 GC heap before
{Heap before GC invocations=12 (full 2):
 PSYoungGen      total 189952K, used 189944K [0x00000000e0000000, 0x00000000f0980000, 0x0000000100000000)
  eden space 178688K, 100% used [0x00000000e0000000,0x00000000eae80000,0x00000000eae80000)
  from space 11264K, 99% used [0x00000000eae80000,0x00000000eb97e060,0x00000000eb980000)
  to   space 13824K, 0% used [0x00000000efc00000,0x00000000efc00000,0x00000000f0980000)
 ParOldGen       total 79360K, used 21027K [0x00000000a0000000, 0x00000000a4d80000, 0x00000000e0000000)
  object space 79360K, 26% used [0x00000000a0000000,0x00000000a1488eb8,0x00000000a4d80000)
 Metaspace       used 46674K, capacity 47840K, committed 48040K, reserved 1091584K
  class space    used 6403K, capacity 6712K, committed 6824K, reserved 1048576K
Event: 22.293 GC heap after
Heap after GC invocations=12 (full 2):
 PSYoungGen      total 256000K, used 13792K [0x00000000e0000000, 0x00000000f1000000, 0x0000000100000000)
  eden space 242176K, 0% used [0x00000000e0000000,0x00000000e0000000,0x00000000eec80000)
  from space 13824K, 99% used [0x00000000efc00000,0x00000000f0978190,0x00000000f0980000)
  to   space 15872K, 0% used [0x00000000eec80000,0x00000000eec80000,0x00000000efc00000)
 ParOldGen       total 79360K, used 22202K [0x00000000a0000000, 0x00000000a4d80000, 0x00000000e0000000)
  object space 79360K, 27% used [0x00000000a0000000,0x00000000a15aea60,0x00000000a4d80000)
 Metaspace       used 46674K, capacity 47840K, committed 48040K, reserved 1091584K
  class space    used 6403K, capacity 6712K, committed 6824K, reserved 1048576K
}

