# JRE version: Java(TM) SE Runtime Environment (8.0_111-b14) (build 1.8.0_111-b14)
# Java VM: Java HotSpot(TM) 64-Bit Server VM (25.111-b14 mixed mode windows-amd64 compressed oops)
Heap:
 PSYoungGen      total 404480K, used 404115K [0x00000000e0000000, 0x00000000fae00000, 0x0000000100000000)
  eden space 380416K, 100% used [0x00000000e0000000,0x00000000f7380000,0x00000000f7380000)
  from space 24064K, 98% used [0x00000000f9680000,0x00000000fada4ed8,0x00000000fae00000)
  to   space 29184K, 79% used [0x00000000f7500000,0x00000000f8ba6230,0x00000000f9180000)
 ParOldGen       total 100352K, used 47003K [0x00000000a0000000, 0x00000000a6200000, 0x00000000e0000000)
  object space 100352K, 46% used [0x00000000a0000000,0x00000000a2de6fa8,0x00000000a6200000)
 Metaspace       used 64173K, capacity 66734K, committed 66856K, reserved 1105920K
  class space    used 8771K, capacity 9499K, committed 9512K, reserved 1048576K
GC Heap History (10 events):
Event: 14.298 GC heap after
Heap after GC invocations=11 (full 2):
 PSYoungGen      total 257536K, used 17392K [0x00000000e0000000, 0x00000000f6480000, 0x0000000100000000)
  eden space 240128K, 0% used [0x00000000e0000000,0x00000000e0000000,0x00000000eea80000)
  from space 17408K, 99% used [0x00000000eea80000,0x00000000efb7c208,0x00000000efb80000)
  to   space 27136K, 0% used [0x00000000f4a00000,0x00000000f4a00000,0x00000000f6480000)
 ParOldGen       total 100352K, used 38263K [0x00000000a0000000, 0x00000000a6200000, 0x00000000e0000000)
  object space 100352K, 38% used [0x00000000a0000000,0x00000000a255dc50,0x00000000a6200000)
 Metaspace       used 53273K, capacity 55386K, committed 55464K, reserved 1097728K
  class space    used 7482K, capacity 8100K, committed 8104K, reserved 1048576K
}
Event: 14.439 GC heap before
{Heap before GC invocations=12 (full 2):
 PSYoungGen      total 257536K, used 68473K [0x00000000e0000000, 0x00000000f6480000, 0x0000000100000000)
  eden space 240128K, 21% used [0x00000000e0000000,0x00000000e31e23d8,0x00000000eea80000)
  from space 17408K, 99% used [0x00000000eea80000,0x00000000efb7c208,0x00000000efb80000)
  to   space 27136K, 0% used [0x00000000f4a00000,0x00000000f4a00000,0x00000000f6480000)
 ParOldGen       total 100352K, used 38263K [0x00000000a0000000, 0x00000000a6200000, 0x00000000e0000000)
  object space 100352K, 38% used [0x00000000a0000000,0x00000000a255dc50,0x00000000a6200000)
 Metaspace       used 53832K, capacity 56174K, committed 56360K, reserved 1097728K
  class space    used 7555K, capacity 8190K, committed 8232K, reserved 1048576K
Event: 14.457 GC heap after
Heap after GC invocations=12 (full 2):
 PSYoungGen      total 337408K, used 18005K [0x00000000e0000000, 0x00000000f6580000, 0x0000000100000000)
  eden space 310272K, 0% used [0x00000000e0000000,0x00000000e0000000,0x00000000f2f00000)
  from space 27136K, 66% used [0x00000000f4a00000,0x00000000f5b95578,0x00000000f6480000)
  to   space 27648K, 0% used [0x00000000f2f00000,0x00000000f2f00000,0x00000000f4a00000)
 ParOldGen       total 100352K, used 38271K [0x00000000a0000000, 0x00000000a6200000, 0x00000000e0000000)
  object space 100352K, 38% used [0x00000000a0000000,0x00000000a255fc50,0x00000000a6200000)
 Metaspace       used 53832K, capacity 56174K, committed 56360K, reserved 1097728K
  class space    used 7555K, capacity 8190K, committed 8232K, reserved 1048576K
}
Event: 14.457 GC heap before
{Heap before GC invocations=13 (full 3):
 PSYoungGen      total 337408K, used 18005K [0x00000000e0000000, 0x00000000f6580000, 0x0000000100000000)
  eden space 310272K, 0% used [0x00000000e0000000,0x00000000e0000000,0x00000000f2f00000)
  from space 27136K, 66% used [0x00000000f4a00000,0x00000000f5b95578,0x00000000f6480000)
  to   space 27648K, 0% used [0x00000000f2f00000,0x00000000f2f00000,0x00000000f4a00000)
 ParOldGen       total 100352K, used 38271K [0x00000000a0000000, 0x00000000a6200000, 0x00000000e0000000)
  object space 100352K, 38% used [0x00000000a0000000,0x00000000a255fc50,0x00000000a6200000)
 Metaspace       used 53832K, capacity 56174K, committed 56360K, reserved 1097728K
  class space    used 7555K, capacity 8190K, committed 8232K, reserved 1048576K
Event: 14.690 GC heap after
Heap after GC invocations=13 (full 3):
 PSYoungGen      total 337408K, used 0K [0x00000000e0000000, 0x00000000f6580000, 0x0000000100000000)
  eden space 310272K, 0% used [0x00000000e0000000,0x00000000e0000000,0x00000000f2f00000)
  from space 27136K, 0% used [0x00000000f4a00000,0x00000000f4a00000,0x00000000f6480000)
  to   space 27648K, 0% used [0x00000000f2f00000,0x00000000f2f00000,0x00000000f4a00000)
 ParOldGen       total 100352K, used 46979K [0x00000000a0000000, 0x00000000a6200000, 0x00000000e0000000)
  object space 100352K, 46% used [0x00000000a0000000,0x00000000a2de0fa8,0x00000000a6200000)
 Metaspace       used 53832K, capacity 56174K, committed 56360K, reserved 1097728K
  class space    used 7555K, capacity 8190K, committed 8232K, reserved 1048576K
}
Event: 28.773 GC heap before
{Heap before GC invocations=14 (full 3):
 PSYoungGen      total 337408K, used 310272K [0x00000000e0000000, 0x00000000f6580000, 0x0000000100000000)
  eden space 310272K, 100% used [0x00000000e0000000,0x00000000f2f00000,0x00000000f2f00000)
  from space 27136K, 0% used [0x00000000f4a00000,0x00000000f4a00000,0x00000000f6480000)
  to   space 27648K, 0% used [0x00000000f2f00000,0x00000000f2f00000,0x00000000f4a00000)
 ParOldGen       total 100352K, used 46979K [0x00000000a0000000, 0x00000000a6200000, 0x00000000e0000000)
  object space 100352K, 46% used [0x00000000a0000000,0x00000000a2de0fa8,0x00000000a6200000)
 Metaspace       used 56625K, capacity 59032K, committed 59304K, reserved 1099776K
  class space    used 7859K, capacity 8521K, committed 8616K, reserved 1048576K
Event: 28.802 GC heap after
Heap after GC invocations=14 (full 3):
 PSYoungGen      total 337920K, used 11769K [0x00000000e0000000, 0x00000000fb080000, 0x0000000100000000)
  eden space 310272K, 0% used [0x00000000e0000000,0x00000000e0000000,0x00000000f2f00000)
  from space 27648K, 42% used [0x00000000f2f00000,0x00000000f3a7e480,0x00000000f4a00000)
  to   space 26624K, 0% used [0x00000000f9680000,0x00000000f9680000,0x00000000fb080000)
 ParOldGen       total 100352K, used 46987K [0x00000000a0000000, 0x00000000a6200000, 0x00000000e0000000)
  object space 100352K, 46% used [0x00000000a0000000,0x00000000a2de2fa8,0x00000000a6200000)
 Metaspace       used 56625K, capacity 59032K, committed 59304K, reserved 1099776K
  class space    used 7859K, capacity 8521K, committed 8616K, reserved 1048576K
}
Event: 38.720 GC heap before
{Heap before GC invocations=15 (full 3):
 PSYoungGen      total 337920K, used 322041K [0x00000000e0000000, 0x00000000fb080000, 0x0000000100000000)
  eden space 310272K, 100% used [0x00000000e0000000,0x00000000f2f00000,0x00000000f2f00000)
  from space 27648K, 42% used [0x00000000f2f00000,0x00000000f3a7e480,0x00000000f4a00000)
  to   space 26624K, 0% used [0x00000000f9680000,0x00000000f9680000,0x00000000fb080000)
 ParOldGen       total 100352K, used 46987K [0x00000000a0000000, 0x00000000a6200000, 0x00000000e0000000)
  object space 100352K, 46% used [0x00000000a0000000,0x00000000a2de2fa8,0x00000000a6200000)
 Metaspace       used 62814K, capacity 65278K, committed 65448K, reserved 1105920K
  class space    used 8631K, capacity 9326K, committed 9384K, reserved 1048576K
Event: 38.748 GC heap after
Heap after GC invocations=15 (full 3):
 PSYoungGen      total 404480K, used 23699K [0x00000000e0000000, 0x00000000fae00000, 0x0000000100000000)
  eden space 380416K, 0% used [0x00000000e0000000,0x00000000e0000000,0x00000000f7380000)
  from space 24064K, 98% used [0x00000000f9680000,0x00000000fada4ed8,0x00000000fae00000)
  to   space 29184K, 0% used [0x00000000f7500000,0x00000000f7500000,0x00000000f9180000)
 ParOldGen       total 100352K, used 46995K [0x00000000a0000000, 0x00000000a6200000, 0x00000000e0000000)
  object space 100352K, 46% used [0x00000000a0000000,0x00000000a2de4fa8,0x00000000a6200000)
 Metaspace       used 62814K, capacity 65278K, committed 65448K, reserved 1105920K
  class space    used 8631K, capacity 9326K, committed 9384K, reserved 1048576K
}
Event: 2049.729 GC heap before
{Heap before GC invocations=16 (full 3):
 PSYoungGen      total 404480K, used 404115K [0x00000000e0000000, 0x00000000fae00000, 0x0000000100000000)
  eden space 380416K, 100% used [0x00000000e0000000,0x00000000f7380000,0x00000000f7380000)
  from space 24064K, 98% used [0x00000000f9680000,0x00000000fada4ed8,0x00000000fae00000)
  to   space 29184K, 0% used [0x00000000f7500000,0x00000000f7500000,0x00000000f9180000)
 ParOldGen       total 100352K, used 46995K [0x00000000a0000000, 0x00000000a6200000, 0x00000000e0000000)
  object space 100352K, 46% used [0x00000000a0000000,0x00000000a2de4fa8,0x00000000a6200000)
 Metaspace       used 64173K, capacity 66734K, committed 66856K, reserved 1105920K
  class space    used 8771K, capacity 9499K, committed 9512K, reserved 1048576K

