# JRE version: Java(TM) SE Runtime Environment (8.0_111-b14) (build 1.8.0_111-b14)
# Java VM: Java HotSpot(TM) 64-Bit Server VM (25.111-b14 mixed mode windows-amd64 compressed oops)
Heap:
 PSYoungGen      total 474112K, used 28131K [0x00000000e0000000, 0x0000000100000000, 0x0000000100000000)
  eden space 445952K, 0% used [0x00000000e0000000,0x00000000e0000000,0x00000000fb380000)
  from space 28160K, 99% used [0x00000000fc800000,0x00000000fe378c18,0x00000000fe380000)
  to   space 29184K, 0% used [0x00000000fe380000,0x00000000fe380000,0x0000000100000000)
 ParOldGen       total 88576K, used 88139K [0x00000000a0000000, 0x00000000a5680000, 0x00000000e0000000)
  object space 88576K, 99% used [0x00000000a0000000,0x00000000a5612f00,0x00000000a5680000)
 Metaspace       used 69292K, capacity 71998K, committed 72360K, reserved 1112064K
  class space    used 9315K, capacity 10028K, committed 10152K, reserved 1048576K
GC Heap History (10 events):
Event: 19.455 GC heap after
Heap after GC invocations=12 (full 3):
 PSYoungGen      total 371200K, used 0K [0x00000000e0000000, 0x00000000f9d80000, 0x0000000100000000)
  eden space 348672K, 0% used [0x00000000e0000000,0x00000000e0000000,0x00000000f5480000)
  from space 22528K, 0% used [0x00000000f5480000,0x00000000f5480000,0x00000000f6a80000)
  to   space 29184K, 0% used [0x00000000f8100000,0x00000000f8100000,0x00000000f9d80000)
 ParOldGen       total 76800K, used 48101K [0x00000000a0000000, 0x00000000a4b00000, 0x00000000e0000000)
  object space 76800K, 62% used [0x00000000a0000000,0x00000000a2ef9630,0x00000000a4b00000)
 Metaspace       used 53816K, capacity 56136K, committed 56360K, reserved 1097728K
  class space    used 7553K, capacity 8197K, committed 8232K, reserved 1048576K
}
Event: 26.919 GC heap before
{Heap before GC invocations=13 (full 3):
 PSYoungGen      total 371200K, used 348672K [0x00000000e0000000, 0x00000000f9d80000, 0x0000000100000000)
  eden space 348672K, 100% used [0x00000000e0000000,0x00000000f5480000,0x00000000f5480000)
  from space 22528K, 0% used [0x00000000f5480000,0x00000000f5480000,0x00000000f6a80000)
  to   space 29184K, 0% used [0x00000000f8100000,0x00000000f8100000,0x00000000f9d80000)
 ParOldGen       total 76800K, used 48101K [0x00000000a0000000, 0x00000000a4b00000, 0x00000000e0000000)
  object space 76800K, 62% used [0x00000000a0000000,0x00000000a2ef9630,0x00000000a4b00000)
 Metaspace       used 55204K, capacity 57684K, committed 57768K, reserved 1099776K
  class space    used 7686K, capacity 8345K, committed 8360K, reserved 1048576K
Event: 26.930 GC heap after
Heap after GC invocations=13 (full 3):
 PSYoungGen      total 394752K, used 8660K [0x00000000e0000000, 0x0000000100000000, 0x0000000100000000)
  eden space 365568K, 0% used [0x00000000e0000000,0x00000000e0000000,0x00000000f6500000)
  from space 29184K, 29% used [0x00000000f8100000,0x00000000f89751f0,0x00000000f9d80000)
  to   space 28672K, 0% used [0x00000000f6500000,0x00000000f6500000,0x00000000f8100000)
 ParOldGen       total 76800K, used 48109K [0x00000000a0000000, 0x00000000a4b00000, 0x00000000e0000000)
  object space 76800K, 62% used [0x00000000a0000000,0x00000000a2efb630,0x00000000a4b00000)
 Metaspace       used 55204K, capacity 57684K, committed 57768K, reserved 1099776K
  class space    used 7686K, capacity 8345K, committed 8360K, reserved 1048576K
}
Event: 35.045 GC heap before
{Heap before GC invocations=14 (full 3):
 PSYoungGen      total 394752K, used 374228K [0x00000000e0000000, 0x0000000100000000, 0x0000000100000000)
  eden space 365568K, 100% used [0x00000000e0000000,0x00000000f6500000,0x00000000f6500000)
  from space 29184K, 29% used [0x00000000f8100000,0x00000000f89751f0,0x00000000f9d80000)
  to   space 28672K, 0% used [0x00000000f6500000,0x00000000f6500000,0x00000000f8100000)
 ParOldGen       total 76800K, used 48109K [0x00000000a0000000, 0x00000000a4b00000, 0x00000000e0000000)
  object space 76800K, 62% used [0x00000000a0000000,0x00000000a2efb630,0x00000000a4b00000)
 Metaspace       used 62454K, capacity 65114K, committed 65448K, reserved 1105920K
  class space    used 8576K, capacity 9270K, committed 9384K, reserved 1048576K
Event: 35.087 GC heap after
Heap after GC invocations=14 (full 3):
 PSYoungGen      total 394240K, used 16625K [0x00000000e0000000, 0x00000000fff80000, 0x0000000100000000)
  eden space 365568K, 0% used [0x00000000e0000000,0x00000000e0000000,0x00000000f6500000)
  from space 28672K, 57% used [0x00000000f6500000,0x00000000f753c450,0x00000000f8100000)
  to   space 28672K, 0% used [0x00000000fe380000,0x00000000fe380000,0x00000000fff80000)
 ParOldGen       total 76800K, used 54869K [0x00000000a0000000, 0x00000000a4b00000, 0x00000000e0000000)
  object space 76800K, 71% used [0x00000000a0000000,0x00000000a35956e8,0x00000000a4b00000)
 Metaspace       used 62454K, capacity 65114K, committed 65448K, reserved 1105920K
  class space    used 8576K, capacity 9270K, committed 9384K, reserved 1048576K
}
Event: 1813.016 GC heap before
{Heap before GC invocations=15 (full 3):
 PSYoungGen      total 394240K, used 382193K [0x00000000e0000000, 0x00000000fff80000, 0x0000000100000000)
  eden space 365568K, 100% used [0x00000000e0000000,0x00000000f6500000,0x00000000f6500000)
  from space 28672K, 57% used [0x00000000f6500000,0x00000000f753c450,0x00000000f8100000)
  to   space 28672K, 0% used [0x00000000fe380000,0x00000000fe380000,0x00000000fff80000)
 ParOldGen       total 76800K, used 54869K [0x00000000a0000000, 0x00000000a4b00000, 0x00000000e0000000)
  object space 76800K, 71% used [0x00000000a0000000,0x00000000a35956e8,0x00000000a4b00000)
 Metaspace       used 63428K, capacity 66072K, committed 66216K, reserved 1105920K
  class space    used 8665K, capacity 9361K, committed 9384K, reserved 1048576K
Event: 1813.042 GC heap after
Heap after GC invocations=15 (full 3):
 PSYoungGen      total 495104K, used 6912K [0x00000000e0000000, 0x00000000fff00000, 0x0000000100000000)
  eden space 466944K, 0% used [0x00000000e0000000,0x00000000e0000000,0x00000000fc800000)
  from space 28160K, 24% used [0x00000000fe380000,0x00000000fea40000,0x00000000fff00000)
  to   space 28160K, 0% used [0x00000000fc800000,0x00000000fc800000,0x00000000fe380000)
 ParOldGen       total 76800K, used 63876K [0x00000000a0000000, 0x00000000a4b00000, 0x00000000e0000000)
  object space 76800K, 83% used [0x00000000a0000000,0x00000000a3e61260,0x00000000a4b00000)
 Metaspace       used 63428K, capacity 66072K, committed 66216K, reserved 1105920K
  class space    used 8665K, capacity 9361K, committed 9384K, reserved 1048576K
}
Event: 1821.090 GC heap before
{Heap before GC invocations=16 (full 3):
 PSYoungGen      total 495104K, used 473856K [0x00000000e0000000, 0x00000000fff00000, 0x0000000100000000)
  eden space 466944K, 100% used [0x00000000e0000000,0x00000000fc800000,0x00000000fc800000)
  from space 28160K, 24% used [0x00000000fe380000,0x00000000fea40000,0x00000000fff00000)
  to   space 28160K, 0% used [0x00000000fc800000,0x00000000fc800000,0x00000000fe380000)
 ParOldGen       total 76800K, used 63876K [0x00000000a0000000, 0x00000000a4b00000, 0x00000000e0000000)
  object space 76800K, 83% used [0x00000000a0000000,0x00000000a3e61260,0x00000000a4b00000)
 Metaspace       used 69292K, capacity 71998K, committed 72360K, reserved 1112064K
  class space    used 9315K, capacity 10028K, committed 10152K, reserved 1048576K
Event: 1821.136 GC heap after
Heap after GC invocations=16 (full 3):
 PSYoungGen      total 474112K, used 28131K [0x00000000e0000000, 0x0000000100000000, 0x0000000100000000)
  eden space 445952K, 0% used [0x00000000e0000000,0x00000000e0000000,0x00000000fb380000)
  from space 28160K, 99% used [0x00000000fc800000,0x00000000fe378c18,0x00000000fe380000)
  to   space 29184K, 0% used [0x00000000fe380000,0x00000000fe380000,0x0000000100000000)
 ParOldGen       total 88576K, used 88139K [0x00000000a0000000, 0x00000000a5680000, 0x00000000e0000000)
  object space 88576K, 99% used [0x00000000a0000000,0x00000000a5612f00,0x00000000a5680000)
 Metaspace       used 69292K, capacity 71998K, committed 72360K, reserved 1112064K
  class space    used 9315K, capacity 10028K, committed 10152K, reserved 1048576K
}
Event: 1821.136 GC heap before
{Heap before GC invocations=17 (full 4):
 PSYoungGen      total 474112K, used 28131K [0x00000000e0000000, 0x0000000100000000, 0x0000000100000000)
  eden space 445952K, 0% used [0x00000000e0000000,0x00000000e0000000,0x00000000fb380000)
  from space 28160K, 99% used [0x00000000fc800000,0x00000000fe378c18,0x00000000fe380000)
  to   space 29184K, 0% used [0x00000000fe380000,0x00000000fe380000,0x0000000100000000)
 ParOldGen       total 88576K, used 88139K [0x00000000a0000000, 0x00000000a5680000, 0x00000000e0000000)
  object space 88576K, 99% used [0x00000000a0000000,0x00000000a5612f00,0x00000000a5680000)
 Metaspace       used 69292K, capacity 71998K, committed 72360K, reserved 1112064K
  class space    used 9315K, capacity 10028K, committed 10152K, reserved 1048576K

